<?xml version="1.0" encoding="UTF-8"?>
<testsuite xmlns:xsi="http://www.w3.org/2001/XMLSchema-instance" xsi:noNamespaceSchemaLocation="https://maven.apache.org/surefire/maven-surefire-plugin/xsd/surefire-test-report-3.0.xsd" version="3.0" name="com.quarks.commerce.InventoryServiceImplTest" time="0.237" tests="3" errors="0" skipped="0" failures="0">
  <properties>
    <property name="java.specification.version" value="17"/>
    <property name="sun.jnu.encoding" value="UTF-8"/>
    <property name="java.class.path" value="/Users/akshatsachan/Desktop/Akshat/Quarks-Commerce/quarks-commerce/target/test-classes:/Users/akshatsachan/Desktop/Akshat/Quarks-Commerce/quarks-commerce/target/classes:/Users/akshatsachan/.m2/repository/org/springframework/boot/spring-boot-starter-web/3.2.6/spring-boot-starter-web-3.2.6.jar:/Users/akshatsachan/.m2/repository/org/springframework/boot/spring-boot-starter/3.2.6/spring-boot-starter-3.2.6.jar:/Users/akshatsachan/.m2/repository/org/springframework/boot/spring-boot/3.2.6/spring-boot-3.2.6.jar:/Users/akshatsachan/.m2/repository/org/springframework/boot/spring-boot-autoconfigure/3.2.6/spring-boot-autoconfigure-3.2.6.jar:/Users/akshatsachan/.m2/repository/org/springframework/boot/spring-boot-starter-logging/3.2.6/spring-boot-starter-logging-3.2.6.jar:/Users/akshatsachan/.m2/repository/ch/qos/logback/logback-classic/1.4.14/logback-classic-1.4.14.jar:/Users/akshatsachan/.m2/repository/ch/qos/logback/logback-core/1.4.14/logback-core-1.4.14.jar:/Users/akshatsachan/.m2/repository/org/apache/logging/log4j/log4j-to-slf4j/2.21.1/log4j-to-slf4j-2.21.1.jar:/Users/akshatsachan/.m2/repository/org/apache/logging/log4j/log4j-api/2.21.1/log4j-api-2.21.1.jar:/Users/akshatsachan/.m2/repository/org/slf4j/jul-to-slf4j/2.0.13/jul-to-slf4j-2.0.13.jar:/Users/akshatsachan/.m2/repository/jakarta/annotation/jakarta.annotation-api/2.1.1/jakarta.annotation-api-2.1.1.jar:/Users/akshatsachan/.m2/repository/org/yaml/snakeyaml/2.2/snakeyaml-2.2.jar:/Users/akshatsachan/.m2/repository/org/springframework/boot/spring-boot-starter-json/3.2.6/spring-boot-starter-json-3.2.6.jar:/Users/akshatsachan/.m2/repository/com/fasterxml/jackson/core/jackson-databind/2.15.4/jackson-databind-2.15.4.jar:/Users/akshatsachan/.m2/repository/com/fasterxml/jackson/core/jackson-annotations/2.15.4/jackson-annotations-2.15.4.jar:/Users/akshatsachan/.m2/repository/com/fasterxml/jackson/core/jackson-core/2.15.4/jackson-core-2.15.4.jar:/Users/akshatsachan/.m2/repository/com/fasterxml/jackson/datatype/jackson-datatype-jdk8/2.15.4/jackson-datatype-jdk8-2.15.4.jar:/Users/akshatsachan/.m2/repository/com/fasterxml/jackson/datatype/jackson-datatype-jsr310/2.15.4/jackson-datatype-jsr310-2.15.4.jar:/Users/akshatsachan/.m2/repository/com/fasterxml/jackson/module/jackson-module-parameter-names/2.15.4/jackson-module-parameter-names-2.15.4.jar:/Users/akshatsachan/.m2/repository/org/springframework/boot/spring-boot-starter-tomcat/3.2.6/spring-boot-starter-tomcat-3.2.6.jar:/Users/akshatsachan/.m2/repository/org/apache/tomcat/embed/tomcat-embed-core/10.1.24/tomcat-embed-core-10.1.24.jar:/Users/akshatsachan/.m2/repository/org/apache/tomcat/embed/tomcat-embed-el/10.1.24/tomcat-embed-el-10.1.24.jar:/Users/akshatsachan/.m2/repository/org/apache/tomcat/embed/tomcat-embed-websocket/10.1.24/tomcat-embed-websocket-10.1.24.jar:/Users/akshatsachan/.m2/repository/org/springframework/spring-web/6.1.8/spring-web-6.1.8.jar:/Users/akshatsachan/.m2/repository/org/springframework/spring-beans/6.1.8/spring-beans-6.1.8.jar:/Users/akshatsachan/.m2/repository/io/micrometer/micrometer-observation/1.12.6/micrometer-observation-1.12.6.jar:/Users/akshatsachan/.m2/repository/io/micrometer/micrometer-commons/1.12.6/micrometer-commons-1.12.6.jar:/Users/akshatsachan/.m2/repository/org/springframework/spring-webmvc/6.1.8/spring-webmvc-6.1.8.jar:/Users/akshatsachan/.m2/repository/org/springframework/spring-aop/6.1.8/spring-aop-6.1.8.jar:/Users/akshatsachan/.m2/repository/org/springframework/spring-context/6.1.8/spring-context-6.1.8.jar:/Users/akshatsachan/.m2/repository/org/springframework/spring-expression/6.1.8/spring-expression-6.1.8.jar:/Users/akshatsachan/.m2/repository/org/springframework/boot/spring-boot-starter-data-jpa/3.2.6/spring-boot-starter-data-jpa-3.2.6.jar:/Users/akshatsachan/.m2/repository/org/springframework/boot/spring-boot-starter-aop/3.2.6/spring-boot-starter-aop-3.2.6.jar:/Users/akshatsachan/.m2/repository/org/aspectj/aspectjweaver/1.9.22/aspectjweaver-1.9.22.jar:/Users/akshatsachan/.m2/repository/org/springframework/boot/spring-boot-starter-jdbc/3.2.6/spring-boot-starter-jdbc-3.2.6.jar:/Users/akshatsachan/.m2/repository/com/zaxxer/HikariCP/5.0.1/HikariCP-5.0.1.jar:/Users/akshatsachan/.m2/repository/org/springframework/spring-jdbc/6.1.8/spring-jdbc-6.1.8.jar:/Users/akshatsachan/.m2/repository/org/hibernate/orm/hibernate-core/6.4.8.Final/hibernate-core-6.4.8.Final.jar:/Users/akshatsachan/.m2/repository/jakarta/persistence/jakarta.persistence-api/3.1.0/jakarta.persistence-api-3.1.0.jar:/Users/akshatsachan/.m2/repository/jakarta/transaction/jakarta.transaction-api/2.0.1/jakarta.transaction-api-2.0.1.jar:/Users/akshatsachan/.m2/repository/org/jboss/logging/jboss-logging/3.5.3.Final/jboss-logging-3.5.3.Final.jar:/Users/akshatsachan/.m2/repository/org/hibernate/common/hibernate-commons-annotations/6.0.6.Final/hibernate-commons-annotations-6.0.6.Final.jar:/Users/akshatsachan/.m2/repository/io/smallrye/jandex/3.1.2/jandex-3.1.2.jar:/Users/akshatsachan/.m2/repository/com/fasterxml/classmate/1.6.0/classmate-1.6.0.jar:/Users/akshatsachan/.m2/repository/net/bytebuddy/byte-buddy/1.14.16/byte-buddy-1.14.16.jar:/Users/akshatsachan/.m2/repository/org/glassfish/jaxb/jaxb-runtime/4.0.5/jaxb-runtime-4.0.5.jar:/Users/akshatsachan/.m2/repository/org/glassfish/jaxb/jaxb-core/4.0.5/jaxb-core-4.0.5.jar:/Users/akshatsachan/.m2/repository/org/eclipse/angus/angus-activation/2.0.2/angus-activation-2.0.2.jar:/Users/akshatsachan/.m2/repository/org/glassfish/jaxb/txw2/4.0.5/txw2-4.0.5.jar:/Users/akshatsachan/.m2/repository/com/sun/istack/istack-commons-runtime/4.1.2/istack-commons-runtime-4.1.2.jar:/Users/akshatsachan/.m2/repository/jakarta/inject/jakarta.inject-api/2.0.1/jakarta.inject-api-2.0.1.jar:/Users/akshatsachan/.m2/repository/org/antlr/antlr4-runtime/4.13.0/antlr4-runtime-4.13.0.jar:/Users/akshatsachan/.m2/repository/org/springframework/data/spring-data-jpa/3.2.6/spring-data-jpa-3.2.6.jar:/Users/akshatsachan/.m2/repository/org/springframework/data/spring-data-commons/3.2.6/spring-data-commons-3.2.6.jar:/Users/akshatsachan/.m2/repository/org/springframework/spring-orm/6.1.8/spring-orm-6.1.8.jar:/Users/akshatsachan/.m2/repository/org/springframework/spring-tx/6.1.8/spring-tx-6.1.8.jar:/Users/akshatsachan/.m2/repository/org/slf4j/slf4j-api/2.0.13/slf4j-api-2.0.13.jar:/Users/akshatsachan/.m2/repository/org/springframework/spring-aspects/6.1.8/spring-aspects-6.1.8.jar:/Users/akshatsachan/.m2/repository/org/postgresql/postgresql/42.6.2/postgresql-42.6.2.jar:/Users/akshatsachan/.m2/repository/org/checkerframework/checker-qual/3.31.0/checker-qual-3.31.0.jar:/Users/akshatsachan/.m2/repository/org/springframework/boot/spring-boot-starter-data-redis/3.2.6/spring-boot-starter-data-redis-3.2.6.jar:/Users/akshatsachan/.m2/repository/io/lettuce/lettuce-core/6.3.2.RELEASE/lettuce-core-6.3.2.RELEASE.jar:/Users/akshatsachan/.m2/repository/io/netty/netty-common/4.1.110.Final/netty-common-4.1.110.Final.jar:/Users/akshatsachan/.m2/repository/io/netty/netty-handler/4.1.110.Final/netty-handler-4.1.110.Final.jar:/Users/akshatsachan/.m2/repository/io/netty/netty-resolver/4.1.110.Final/netty-resolver-4.1.110.Final.jar:/Users/akshatsachan/.m2/repository/io/netty/netty-buffer/4.1.110.Final/netty-buffer-4.1.110.Final.jar:/Users/akshatsachan/.m2/repository/io/netty/netty-transport-native-unix-common/4.1.110.Final/netty-transport-native-unix-common-4.1.110.Final.jar:/Users/akshatsachan/.m2/repository/io/netty/netty-codec/4.1.110.Final/netty-codec-4.1.110.Final.jar:/Users/akshatsachan/.m2/repository/io/netty/netty-transport/4.1.110.Final/netty-transport-4.1.110.Final.jar:/Users/akshatsachan/.m2/repository/io/projectreactor/reactor-core/3.6.6/reactor-core-3.6.6.jar:/Users/akshatsachan/.m2/repository/org/reactivestreams/reactive-streams/1.0.4/reactive-streams-1.0.4.jar:/Users/akshatsachan/.m2/repository/org/springframework/data/spring-data-redis/3.2.6/spring-data-redis-3.2.6.jar:/Users/akshatsachan/.m2/repository/org/springframework/data/spring-data-keyvalue/3.2.6/spring-data-keyvalue-3.2.6.jar:/Users/akshatsachan/.m2/repository/org/springframework/spring-oxm/6.1.8/spring-oxm-6.1.8.jar:/Users/akshatsachan/.m2/repository/org/springframework/spring-context-support/6.1.8/spring-context-support-6.1.8.jar:/Users/akshatsachan/.m2/repository/org/springframework/boot/spring-boot-starter-test/3.2.6/spring-boot-starter-test-3.2.6.jar:/Users/akshatsachan/.m2/repository/org/springframework/boot/spring-boot-test/3.2.6/spring-boot-test-3.2.6.jar:/Users/akshatsachan/.m2/repository/org/springframework/boot/spring-boot-test-autoconfigure/3.2.6/spring-boot-test-autoconfigure-3.2.6.jar:/Users/akshatsachan/.m2/repository/com/jayway/jsonpath/json-path/2.9.0/json-path-2.9.0.jar:/Users/akshatsachan/.m2/repository/jakarta/xml/bind/jakarta.xml.bind-api/4.0.2/jakarta.xml.bind-api-4.0.2.jar:/Users/akshatsachan/.m2/repository/jakarta/activation/jakarta.activation-api/2.1.3/jakarta.activation-api-2.1.3.jar:/Users/akshatsachan/.m2/repository/net/minidev/json-smart/2.5.1/json-smart-2.5.1.jar:/Users/akshatsachan/.m2/repository/net/minidev/accessors-smart/2.5.1/accessors-smart-2.5.1.jar:/Users/akshatsachan/.m2/repository/org/ow2/asm/asm/9.6/asm-9.6.jar:/Users/akshatsachan/.m2/repository/org/assertj/assertj-core/3.24.2/assertj-core-3.24.2.jar:/Users/akshatsachan/.m2/repository/org/awaitility/awaitility/4.2.1/awaitility-4.2.1.jar:/Users/akshatsachan/.m2/repository/org/hamcrest/hamcrest/2.2/hamcrest-2.2.jar:/Users/akshatsachan/.m2/repository/org/junit/jupiter/junit-jupiter/5.10.2/junit-jupiter-5.10.2.jar:/Users/akshatsachan/.m2/repository/org/junit/jupiter/junit-jupiter-api/5.10.2/junit-jupiter-api-5.10.2.jar:/Users/akshatsachan/.m2/repository/org/opentest4j/opentest4j/1.3.0/opentest4j-1.3.0.jar:/Users/akshatsachan/.m2/repository/org/junit/platform/junit-platform-commons/1.10.2/junit-platform-commons-1.10.2.jar:/Users/akshatsachan/.m2/repository/org/apiguardian/apiguardian-api/1.1.2/apiguardian-api-1.1.2.jar:/Users/akshatsachan/.m2/repository/org/junit/jupiter/junit-jupiter-params/5.10.2/junit-jupiter-params-5.10.2.jar:/Users/akshatsachan/.m2/repository/org/junit/jupiter/junit-jupiter-engine/5.10.2/junit-jupiter-engine-5.10.2.jar:/Users/akshatsachan/.m2/repository/org/junit/platform/junit-platform-engine/1.10.2/junit-platform-engine-1.10.2.jar:/Users/akshatsachan/.m2/repository/org/mockito/mockito-core/5.7.0/mockito-core-5.7.0.jar:/Users/akshatsachan/.m2/repository/net/bytebuddy/byte-buddy-agent/1.14.16/byte-buddy-agent-1.14.16.jar:/Users/akshatsachan/.m2/repository/org/objenesis/objenesis/3.3/objenesis-3.3.jar:/Users/akshatsachan/.m2/repository/org/mockito/mockito-junit-jupiter/5.7.0/mockito-junit-jupiter-5.7.0.jar:/Users/akshatsachan/.m2/repository/org/skyscreamer/jsonassert/1.5.1/jsonassert-1.5.1.jar:/Users/akshatsachan/.m2/repository/com/vaadin/external/google/android-json/0.0.20131108.vaadin1/android-json-0.0.20131108.vaadin1.jar:/Users/akshatsachan/.m2/repository/org/springframework/spring-core/6.1.8/spring-core-6.1.8.jar:/Users/akshatsachan/.m2/repository/org/springframework/spring-jcl/6.1.8/spring-jcl-6.1.8.jar:/Users/akshatsachan/.m2/repository/org/springframework/spring-test/6.1.8/spring-test-6.1.8.jar:/Users/akshatsachan/.m2/repository/org/xmlunit/xmlunit-core/2.9.1/xmlunit-core-2.9.1.jar:"/>
    <property name="java.vm.vendor" value="Homebrew"/>
    <property name="sun.arch.data.model" value="64"/>
    <property name="catalina.useNaming" value="false"/>
    <property name="java.vendor.url" value="https://github.com/Homebrew/homebrew-core/issues"/>
    <property name="user.timezone" value="Asia/Kolkata"/>
    <property name="org.jboss.logging.provider" value="slf4j"/>
    <property name="os.name" value="Mac OS X"/>
    <property name="java.vm.specification.version" value="17"/>
    <property name="sun.java.launcher" value="SUN_STANDARD"/>
    <property name="user.country" value="IN"/>
    <property name="sun.boot.library.path" value="/opt/homebrew/Cellar/openjdk@17/17.0.15/libexec/openjdk.jdk/Contents/Home/lib"/>
    <property name="sun.java.command" value="/Users/akshatsachan/Desktop/Akshat/Quarks-Commerce/quarks-commerce/target/surefire/surefirebooter-20250702235940856_3.jar /Users/akshatsachan/Desktop/Akshat/Quarks-Commerce/quarks-commerce/target/surefire 2025-07-02T23-59-40_821-jvmRun1 surefire-20250702235940856_1tmp surefire_0-20250702235940856_2tmp"/>
    <property name="http.nonProxyHosts" value="local|*.local|169.254/16|*.169.254/16"/>
    <property name="jdk.debug" value="release"/>
    <property name="surefire.test.class.path" value="/Users/akshatsachan/Desktop/Akshat/Quarks-Commerce/quarks-commerce/target/test-classes:/Users/akshatsachan/Desktop/Akshat/Quarks-Commerce/quarks-commerce/target/classes:/Users/akshatsachan/.m2/repository/org/springframework/boot/spring-boot-starter-web/3.2.6/spring-boot-starter-web-3.2.6.jar:/Users/akshatsachan/.m2/repository/org/springframework/boot/spring-boot-starter/3.2.6/spring-boot-starter-3.2.6.jar:/Users/akshatsachan/.m2/repository/org/springframework/boot/spring-boot/3.2.6/spring-boot-3.2.6.jar:/Users/akshatsachan/.m2/repository/org/springframework/boot/spring-boot-autoconfigure/3.2.6/spring-boot-autoconfigure-3.2.6.jar:/Users/akshatsachan/.m2/repository/org/springframework/boot/spring-boot-starter-logging/3.2.6/spring-boot-starter-logging-3.2.6.jar:/Users/akshatsachan/.m2/repository/ch/qos/logback/logback-classic/1.4.14/logback-classic-1.4.14.jar:/Users/akshatsachan/.m2/repository/ch/qos/logback/logback-core/1.4.14/logback-core-1.4.14.jar:/Users/akshatsachan/.m2/repository/org/apache/logging/log4j/log4j-to-slf4j/2.21.1/log4j-to-slf4j-2.21.1.jar:/Users/akshatsachan/.m2/repository/org/apache/logging/log4j/log4j-api/2.21.1/log4j-api-2.21.1.jar:/Users/akshatsachan/.m2/repository/org/slf4j/jul-to-slf4j/2.0.13/jul-to-slf4j-2.0.13.jar:/Users/akshatsachan/.m2/repository/jakarta/annotation/jakarta.annotation-api/2.1.1/jakarta.annotation-api-2.1.1.jar:/Users/akshatsachan/.m2/repository/org/yaml/snakeyaml/2.2/snakeyaml-2.2.jar:/Users/akshatsachan/.m2/repository/org/springframework/boot/spring-boot-starter-json/3.2.6/spring-boot-starter-json-3.2.6.jar:/Users/akshatsachan/.m2/repository/com/fasterxml/jackson/core/jackson-databind/2.15.4/jackson-databind-2.15.4.jar:/Users/akshatsachan/.m2/repository/com/fasterxml/jackson/core/jackson-annotations/2.15.4/jackson-annotations-2.15.4.jar:/Users/akshatsachan/.m2/repository/com/fasterxml/jackson/core/jackson-core/2.15.4/jackson-core-2.15.4.jar:/Users/akshatsachan/.m2/repository/com/fasterxml/jackson/datatype/jackson-datatype-jdk8/2.15.4/jackson-datatype-jdk8-2.15.4.jar:/Users/akshatsachan/.m2/repository/com/fasterxml/jackson/datatype/jackson-datatype-jsr310/2.15.4/jackson-datatype-jsr310-2.15.4.jar:/Users/akshatsachan/.m2/repository/com/fasterxml/jackson/module/jackson-module-parameter-names/2.15.4/jackson-module-parameter-names-2.15.4.jar:/Users/akshatsachan/.m2/repository/org/springframework/boot/spring-boot-starter-tomcat/3.2.6/spring-boot-starter-tomcat-3.2.6.jar:/Users/akshatsachan/.m2/repository/org/apache/tomcat/embed/tomcat-embed-core/10.1.24/tomcat-embed-core-10.1.24.jar:/Users/akshatsachan/.m2/repository/org/apache/tomcat/embed/tomcat-embed-el/10.1.24/tomcat-embed-el-10.1.24.jar:/Users/akshatsachan/.m2/repository/org/apache/tomcat/embed/tomcat-embed-websocket/10.1.24/tomcat-embed-websocket-10.1.24.jar:/Users/akshatsachan/.m2/repository/org/springframework/spring-web/6.1.8/spring-web-6.1.8.jar:/Users/akshatsachan/.m2/repository/org/springframework/spring-beans/6.1.8/spring-beans-6.1.8.jar:/Users/akshatsachan/.m2/repository/io/micrometer/micrometer-observation/1.12.6/micrometer-observation-1.12.6.jar:/Users/akshatsachan/.m2/repository/io/micrometer/micrometer-commons/1.12.6/micrometer-commons-1.12.6.jar:/Users/akshatsachan/.m2/repository/org/springframework/spring-webmvc/6.1.8/spring-webmvc-6.1.8.jar:/Users/akshatsachan/.m2/repository/org/springframework/spring-aop/6.1.8/spring-aop-6.1.8.jar:/Users/akshatsachan/.m2/repository/org/springframework/spring-context/6.1.8/spring-context-6.1.8.jar:/Users/akshatsachan/.m2/repository/org/springframework/spring-expression/6.1.8/spring-expression-6.1.8.jar:/Users/akshatsachan/.m2/repository/org/springframework/boot/spring-boot-starter-data-jpa/3.2.6/spring-boot-starter-data-jpa-3.2.6.jar:/Users/akshatsachan/.m2/repository/org/springframework/boot/spring-boot-starter-aop/3.2.6/spring-boot-starter-aop-3.2.6.jar:/Users/akshatsachan/.m2/repository/org/aspectj/aspectjweaver/1.9.22/aspectjweaver-1.9.22.jar:/Users/akshatsachan/.m2/repository/org/springframework/boot/spring-boot-starter-jdbc/3.2.6/spring-boot-starter-jdbc-3.2.6.jar:/Users/akshatsachan/.m2/repository/com/zaxxer/HikariCP/5.0.1/HikariCP-5.0.1.jar:/Users/akshatsachan/.m2/repository/org/springframework/spring-jdbc/6.1.8/spring-jdbc-6.1.8.jar:/Users/akshatsachan/.m2/repository/org/hibernate/orm/hibernate-core/6.4.8.Final/hibernate-core-6.4.8.Final.jar:/Users/akshatsachan/.m2/repository/jakarta/persistence/jakarta.persistence-api/3.1.0/jakarta.persistence-api-3.1.0.jar:/Users/akshatsachan/.m2/repository/jakarta/transaction/jakarta.transaction-api/2.0.1/jakarta.transaction-api-2.0.1.jar:/Users/akshatsachan/.m2/repository/org/jboss/logging/jboss-logging/3.5.3.Final/jboss-logging-3.5.3.Final.jar:/Users/akshatsachan/.m2/repository/org/hibernate/common/hibernate-commons-annotations/6.0.6.Final/hibernate-commons-annotations-6.0.6.Final.jar:/Users/akshatsachan/.m2/repository/io/smallrye/jandex/3.1.2/jandex-3.1.2.jar:/Users/akshatsachan/.m2/repository/com/fasterxml/classmate/1.6.0/classmate-1.6.0.jar:/Users/akshatsachan/.m2/repository/net/bytebuddy/byte-buddy/1.14.16/byte-buddy-1.14.16.jar:/Users/akshatsachan/.m2/repository/org/glassfish/jaxb/jaxb-runtime/4.0.5/jaxb-runtime-4.0.5.jar:/Users/akshatsachan/.m2/repository/org/glassfish/jaxb/jaxb-core/4.0.5/jaxb-core-4.0.5.jar:/Users/akshatsachan/.m2/repository/org/eclipse/angus/angus-activation/2.0.2/angus-activation-2.0.2.jar:/Users/akshatsachan/.m2/repository/org/glassfish/jaxb/txw2/4.0.5/txw2-4.0.5.jar:/Users/akshatsachan/.m2/repository/com/sun/istack/istack-commons-runtime/4.1.2/istack-commons-runtime-4.1.2.jar:/Users/akshatsachan/.m2/repository/jakarta/inject/jakarta.inject-api/2.0.1/jakarta.inject-api-2.0.1.jar:/Users/akshatsachan/.m2/repository/org/antlr/antlr4-runtime/4.13.0/antlr4-runtime-4.13.0.jar:/Users/akshatsachan/.m2/repository/org/springframework/data/spring-data-jpa/3.2.6/spring-data-jpa-3.2.6.jar:/Users/akshatsachan/.m2/repository/org/springframework/data/spring-data-commons/3.2.6/spring-data-commons-3.2.6.jar:/Users/akshatsachan/.m2/repository/org/springframework/spring-orm/6.1.8/spring-orm-6.1.8.jar:/Users/akshatsachan/.m2/repository/org/springframework/spring-tx/6.1.8/spring-tx-6.1.8.jar:/Users/akshatsachan/.m2/repository/org/slf4j/slf4j-api/2.0.13/slf4j-api-2.0.13.jar:/Users/akshatsachan/.m2/repository/org/springframework/spring-aspects/6.1.8/spring-aspects-6.1.8.jar:/Users/akshatsachan/.m2/repository/org/postgresql/postgresql/42.6.2/postgresql-42.6.2.jar:/Users/akshatsachan/.m2/repository/org/checkerframework/checker-qual/3.31.0/checker-qual-3.31.0.jar:/Users/akshatsachan/.m2/repository/org/springframework/boot/spring-boot-starter-data-redis/3.2.6/spring-boot-starter-data-redis-3.2.6.jar:/Users/akshatsachan/.m2/repository/io/lettuce/lettuce-core/6.3.2.RELEASE/lettuce-core-6.3.2.RELEASE.jar:/Users/akshatsachan/.m2/repository/io/netty/netty-common/4.1.110.Final/netty-common-4.1.110.Final.jar:/Users/akshatsachan/.m2/repository/io/netty/netty-handler/4.1.110.Final/netty-handler-4.1.110.Final.jar:/Users/akshatsachan/.m2/repository/io/netty/netty-resolver/4.1.110.Final/netty-resolver-4.1.110.Final.jar:/Users/akshatsachan/.m2/repository/io/netty/netty-buffer/4.1.110.Final/netty-buffer-4.1.110.Final.jar:/Users/akshatsachan/.m2/repository/io/netty/netty-transport-native-unix-common/4.1.110.Final/netty-transport-native-unix-common-4.1.110.Final.jar:/Users/akshatsachan/.m2/repository/io/netty/netty-codec/4.1.110.Final/netty-codec-4.1.110.Final.jar:/Users/akshatsachan/.m2/repository/io/netty/netty-transport/4.1.110.Final/netty-transport-4.1.110.Final.jar:/Users/akshatsachan/.m2/repository/io/projectreactor/reactor-core/3.6.6/reactor-core-3.6.6.jar:/Users/akshatsachan/.m2/repository/org/reactivestreams/reactive-streams/1.0.4/reactive-streams-1.0.4.jar:/Users/akshatsachan/.m2/repository/org/springframework/data/spring-data-redis/3.2.6/spring-data-redis-3.2.6.jar:/Users/akshatsachan/.m2/repository/org/springframework/data/spring-data-keyvalue/3.2.6/spring-data-keyvalue-3.2.6.jar:/Users/akshatsachan/.m2/repository/org/springframework/spring-oxm/6.1.8/spring-oxm-6.1.8.jar:/Users/akshatsachan/.m2/repository/org/springframework/spring-context-support/6.1.8/spring-context-support-6.1.8.jar:/Users/akshatsachan/.m2/repository/org/springframework/boot/spring-boot-starter-test/3.2.6/spring-boot-starter-test-3.2.6.jar:/Users/akshatsachan/.m2/repository/org/springframework/boot/spring-boot-test/3.2.6/spring-boot-test-3.2.6.jar:/Users/akshatsachan/.m2/repository/org/springframework/boot/spring-boot-test-autoconfigure/3.2.6/spring-boot-test-autoconfigure-3.2.6.jar:/Users/akshatsachan/.m2/repository/com/jayway/jsonpath/json-path/2.9.0/json-path-2.9.0.jar:/Users/akshatsachan/.m2/repository/jakarta/xml/bind/jakarta.xml.bind-api/4.0.2/jakarta.xml.bind-api-4.0.2.jar:/Users/akshatsachan/.m2/repository/jakarta/activation/jakarta.activation-api/2.1.3/jakarta.activation-api-2.1.3.jar:/Users/akshatsachan/.m2/repository/net/minidev/json-smart/2.5.1/json-smart-2.5.1.jar:/Users/akshatsachan/.m2/repository/net/minidev/accessors-smart/2.5.1/accessors-smart-2.5.1.jar:/Users/akshatsachan/.m2/repository/org/ow2/asm/asm/9.6/asm-9.6.jar:/Users/akshatsachan/.m2/repository/org/assertj/assertj-core/3.24.2/assertj-core-3.24.2.jar:/Users/akshatsachan/.m2/repository/org/awaitility/awaitility/4.2.1/awaitility-4.2.1.jar:/Users/akshatsachan/.m2/repository/org/hamcrest/hamcrest/2.2/hamcrest-2.2.jar:/Users/akshatsachan/.m2/repository/org/junit/jupiter/junit-jupiter/5.10.2/junit-jupiter-5.10.2.jar:/Users/akshatsachan/.m2/repository/org/junit/jupiter/junit-jupiter-api/5.10.2/junit-jupiter-api-5.10.2.jar:/Users/akshatsachan/.m2/repository/org/opentest4j/opentest4j/1.3.0/opentest4j-1.3.0.jar:/Users/akshatsachan/.m2/repository/org/junit/platform/junit-platform-commons/1.10.2/junit-platform-commons-1.10.2.jar:/Users/akshatsachan/.m2/repository/org/apiguardian/apiguardian-api/1.1.2/apiguardian-api-1.1.2.jar:/Users/akshatsachan/.m2/repository/org/junit/jupiter/junit-jupiter-params/5.10.2/junit-jupiter-params-5.10.2.jar:/Users/akshatsachan/.m2/repository/org/junit/jupiter/junit-jupiter-engine/5.10.2/junit-jupiter-engine-5.10.2.jar:/Users/akshatsachan/.m2/repository/org/junit/platform/junit-platform-engine/1.10.2/junit-platform-engine-1.10.2.jar:/Users/akshatsachan/.m2/repository/org/mockito/mockito-core/5.7.0/mockito-core-5.7.0.jar:/Users/akshatsachan/.m2/repository/net/bytebuddy/byte-buddy-agent/1.14.16/byte-buddy-agent-1.14.16.jar:/Users/akshatsachan/.m2/repository/org/objenesis/objenesis/3.3/objenesis-3.3.jar:/Users/akshatsachan/.m2/repository/org/mockito/mockito-junit-jupiter/5.7.0/mockito-junit-jupiter-5.7.0.jar:/Users/akshatsachan/.m2/repository/org/skyscreamer/jsonassert/1.5.1/jsonassert-1.5.1.jar:/Users/akshatsachan/.m2/repository/com/vaadin/external/google/android-json/0.0.20131108.vaadin1/android-json-0.0.20131108.vaadin1.jar:/Users/akshatsachan/.m2/repository/org/springframework/spring-core/6.1.8/spring-core-6.1.8.jar:/Users/akshatsachan/.m2/repository/org/springframework/spring-jcl/6.1.8/spring-jcl-6.1.8.jar:/Users/akshatsachan/.m2/repository/org/springframework/spring-test/6.1.8/spring-test-6.1.8.jar:/Users/akshatsachan/.m2/repository/org/xmlunit/xmlunit-core/2.9.1/xmlunit-core-2.9.1.jar:"/>
    <property name="sun.cpu.endian" value="little"/>
    <property name="user.home" value="/Users/akshatsachan"/>
    <property name="user.language" value="en"/>
    <property name="java.specification.vendor" value="Oracle Corporation"/>
    <property name="java.version.date" value="2025-04-15"/>
    <property name="java.home" value="/opt/homebrew/Cellar/openjdk@17/17.0.15/libexec/openjdk.jdk/Contents/Home"/>
    <property name="file.separator" value="/"/>
    <property name="basedir" value="/Users/akshatsachan/Desktop/Akshat/Quarks-Commerce/quarks-commerce"/>
    <property name="java.vm.compressedOopsMode" value="Zero based"/>
    <property name="line.separator" value="&#10;"/>
    <property name="java.vm.specification.vendor" value="Oracle Corporation"/>
    <property name="java.specification.name" value="Java Platform API Specification"/>
    <property name="FILE_LOG_CHARSET" value="UTF-8"/>
    <property name="java.awt.headless" value="true"/>
    <property name="surefire.real.class.path" value="/Users/akshatsachan/Desktop/Akshat/Quarks-Commerce/quarks-commerce/target/surefire/surefirebooter-20250702235940856_3.jar"/>
    <property name="sun.management.compiler" value="HotSpot 64-Bit Tiered Compilers"/>
    <property name="ftp.nonProxyHosts" value="local|*.local|169.254/16|*.169.254/16"/>
    <property name="java.runtime.version" value="17.0.15+0"/>
    <property name="user.name" value="akshatsachan"/>
    <property name="path.separator" value=":"/>
    <property name="os.version" value="15.3.1"/>
    <property name="java.runtime.name" value="OpenJDK Runtime Environment"/>
    <property name="file.encoding" value="UTF-8"/>
    <property name="java.vm.name" value="OpenJDK 64-Bit Server VM"/>
    <property name="java.vendor.version" value="Homebrew"/>
    <property name="localRepository" value="/Users/akshatsachan/.m2/repository"/>
    <property name="java.vendor.url.bug" value="https://github.com/Homebrew/homebrew-core/issues"/>
    <property name="java.io.tmpdir" value="/var/folders/7t/lbk2t_3s37v82_c1cm2wzcr40000gn/T/"/>
    <property name="catalina.home" value="/private/var/folders/7t/lbk2t_3s37v82_c1cm2wzcr40000gn/T/tomcat.0.5732007861986058443"/>
    <property name="com.zaxxer.hikari.pool_number" value="2"/>
    <property name="java.version" value="17.0.15"/>
    <property name="user.dir" value="/Users/akshatsachan/Desktop/Akshat/Quarks-Commerce/quarks-commerce"/>
    <property name="os.arch" value="aarch64"/>
    <property name="java.vm.specification.name" value="Java Virtual Machine Specification"/>
    <property name="PID" value="20460"/>
    <property name="CONSOLE_LOG_CHARSET" value="UTF-8"/>
    <property name="catalina.base" value="/private/var/folders/7t/lbk2t_3s37v82_c1cm2wzcr40000gn/T/tomcat.0.5732007861986058443"/>
    <property name="native.encoding" value="UTF-8"/>
    <property name="java.library.path" value="/Users/akshatsachan/Library/Java/Extensions:/Library/Java/Extensions:/Network/Library/Java/Extensions:/System/Library/Java/Extensions:/usr/lib/java:."/>
    <property name="java.vm.info" value="mixed mode, sharing"/>
    <property name="java.vendor" value="Homebrew"/>
    <property name="java.vm.version" value="17.0.15+0"/>
    <property name="java.specification.maintenance.version" value="1"/>
    <property name="sun.io.unicode.encoding" value="UnicodeBig"/>
    <property name="socksNonProxyHosts" value="local|*.local|169.254/16|*.169.254/16"/>
    <property name="java.class.version" value="61.0"/>
  </properties>
  <testcase name="testReserveNotEnoughStock" classname="com.quarks.commerce.InventoryServiceImplTest" time="0.011">
    <system-out><![CDATA[2025-07-02T23:59:43.277+05:30  INFO 20460 --- [           main] t.c.s.AnnotationConfigContextLoaderUtils : Could not detect default configuration classes for test class [com.quarks.commerce.InventoryServiceImplTest]: InventoryServiceImplTest does not declare any static, non-private, non-final, nested classes annotated with @Configuration.
2025-07-02T23:59:43.278+05:30  INFO 20460 --- [           main] .b.t.c.SpringBootTestContextBootstrapper : Found @SpringBootConfiguration com.quarks.commerce.QuarksCommerceApplication for test class com.quarks.commerce.InventoryServiceImplTest

  .   ____          _            __ _ _
 /\\ / ___'_ __ _ _(_)_ __  __ _ \ \ \ \
( ( )\___ | '_ | '_| | '_ \/ _` | \ \ \ \
 \\/  ___)| |_)| | | | | || (_| |  ) ) ) )
  '  |____| .__|_| |_|_| |_\__, | / / / /
 =========|_|==============|___/=/_/_/_/
 :: Spring Boot ::                (v3.2.6)

2025-07-02T23:59:43.289+05:30  INFO 20460 --- [           main] c.q.commerce.InventoryServiceImplTest    : Starting InventoryServiceImplTest using Java 17.0.15 with PID 20460 (started by akshatsachan in /Users/akshatsachan/Desktop/Akshat/Quarks-Commerce/quarks-commerce)
2025-07-02T23:59:43.289+05:30  INFO 20460 --- [           main] c.q.commerce.InventoryServiceImplTest    : No active profile set, falling back to 1 default profile: "default"
2025-07-02T23:59:43.333+05:30  INFO 20460 --- [           main] .s.d.r.c.RepositoryConfigurationDelegate : Multiple Spring Data modules found, entering strict repository configuration mode
2025-07-02T23:59:43.333+05:30  INFO 20460 --- [           main] .s.d.r.c.RepositoryConfigurationDelegate : Bootstrapping Spring Data JPA repositories in DEFAULT mode.
2025-07-02T23:59:43.336+05:30  INFO 20460 --- [           main] .s.d.r.c.RepositoryConfigurationDelegate : Finished Spring Data repository scanning in 3 ms. Found 4 JPA repository interfaces.
2025-07-02T23:59:43.337+05:30  INFO 20460 --- [           main] .s.d.r.c.RepositoryConfigurationDelegate : Multiple Spring Data modules found, entering strict repository configuration mode
2025-07-02T23:59:43.337+05:30  INFO 20460 --- [           main] .s.d.r.c.RepositoryConfigurationDelegate : Bootstrapping Spring Data Redis repositories in DEFAULT mode.
2025-07-02T23:59:43.338+05:30  INFO 20460 --- [           main] .RepositoryConfigurationExtensionSupport : Spring Data Redis - Could not safely identify store assignment for repository candidate interface com.quarks.commerce.repository.InventoryRepository; If you want this repository to be a Redis repository, consider annotating your entities with one of these annotations: org.springframework.data.redis.core.RedisHash (preferred), or consider extending one of the following types with your repository: org.springframework.data.keyvalue.repository.KeyValueRepository
2025-07-02T23:59:43.338+05:30  INFO 20460 --- [           main] .RepositoryConfigurationExtensionSupport : Spring Data Redis - Could not safely identify store assignment for repository candidate interface com.quarks.commerce.repository.ItemRepository; If you want this repository to be a Redis repository, consider annotating your entities with one of these annotations: org.springframework.data.redis.core.RedisHash (preferred), or consider extending one of the following types with your repository: org.springframework.data.keyvalue.repository.KeyValueRepository
2025-07-02T23:59:43.338+05:30  INFO 20460 --- [           main] .RepositoryConfigurationExtensionSupport : Spring Data Redis - Could not safely identify store assignment for repository candidate interface com.quarks.commerce.repository.ReservationRepository; If you want this repository to be a Redis repository, consider annotating your entities with one of these annotations: org.springframework.data.redis.core.RedisHash (preferred), or consider extending one of the following types with your repository: org.springframework.data.keyvalue.repository.KeyValueRepository
2025-07-02T23:59:43.338+05:30  INFO 20460 --- [           main] .RepositoryConfigurationExtensionSupport : Spring Data Redis - Could not safely identify store assignment for repository candidate interface com.quarks.commerce.repository.UserRepository; If you want this repository to be a Redis repository, consider annotating your entities with one of these annotations: org.springframework.data.redis.core.RedisHash (preferred), or consider extending one of the following types with your repository: org.springframework.data.keyvalue.repository.KeyValueRepository
2025-07-02T23:59:43.338+05:30  INFO 20460 --- [           main] .s.d.r.c.RepositoryConfigurationDelegate : Finished Spring Data repository scanning in 1 ms. Found 0 Redis repository interfaces.
2025-07-02T23:59:43.364+05:30  INFO 20460 --- [           main] o.hibernate.jpa.internal.util.LogHelper  : HHH000204: Processing PersistenceUnitInfo [name: default]
2025-07-02T23:59:43.365+05:30  INFO 20460 --- [           main] o.h.c.internal.RegionFactoryInitiator    : HHH000026: Second-level cache disabled
2025-07-02T23:59:43.366+05:30  INFO 20460 --- [           main] o.s.o.j.p.SpringPersistenceUnitInfo      : No LoadTimeWeaver setup: ignoring JPA class transformer
2025-07-02T23:59:43.366+05:30  INFO 20460 --- [           main] com.zaxxer.hikari.HikariDataSource       : HikariPool-2 - Starting...
2025-07-02T23:59:43.370+05:30  INFO 20460 --- [           main] com.zaxxer.hikari.pool.HikariPool        : HikariPool-2 - Added connection org.postgresql.jdbc.PgConnection@726e780a
2025-07-02T23:59:43.370+05:30  INFO 20460 --- [           main] com.zaxxer.hikari.HikariDataSource       : HikariPool-2 - Start completed.
2025-07-02T23:59:43.397+05:30  INFO 20460 --- [           main] o.h.e.t.j.p.i.JtaPlatformInitiator       : HHH000489: No JTA platform available (set 'hibernate.transaction.jta.platform' to enable JTA platform integration)
2025-07-02T23:59:43.425+05:30  INFO 20460 --- [           main] j.LocalContainerEntityManagerFactoryBean : Initialized JPA EntityManagerFactory for persistence unit 'default'
2025-07-02T23:59:43.451+05:30  WARN 20460 --- [           main] JpaBaseConfiguration$JpaWebConfiguration : spring.jpa.open-in-view is enabled by default. Therefore, database queries may be performed during view rendering. Explicitly configure spring.jpa.open-in-view to disable this warning
2025-07-02T23:59:43.483+05:30  INFO 20460 --- [           main] c.q.commerce.InventoryServiceImplTest    : Started InventoryServiceImplTest in 0.202 seconds (process running for 2.589)
Hibernate: 
    insert 
    into
        item
        (description, name, price) 
    values
        (?, ?, ?)
Hibernate: 
    insert 
    into
        inventory
        (item_id, quantity) 
    values
        (?, ?)
Hibernate: 
    select
        count(*) 
    from
        users u1_0 
    where
        u1_0.id=?
Hibernate: 
    select
        i1_0.id,
        i1_0.item_id,
        i1_0.quantity 
    from
        inventory i1_0 
    where
        i1_0.item_id=?
]]></system-out>
  </testcase>
  <testcase name="testReserveAndCancel" classname="com.quarks.commerce.InventoryServiceImplTest" time="0.011">
    <system-out><![CDATA[Hibernate: 
    insert 
    into
        item
        (description, name, price) 
    values
        (?, ?, ?)
Hibernate: 
    insert 
    into
        inventory
        (item_id, quantity) 
    values
        (?, ?)
Hibernate: 
    select
        count(*) 
    from
        users u1_0 
    where
        u1_0.id=?
Hibernate: 
    select
        i1_0.id,
        i1_0.item_id,
        i1_0.quantity 
    from
        inventory i1_0 
    where
        i1_0.item_id=?
Hibernate: 
    insert 
    into
        reservation
        (created_at, item_id, reserved_quantity, status, user_id) 
    values
        (?, ?, ?, ?, ?)
Hibernate: 
    select
        count(*) 
    from
        users u1_0 
    where
        u1_0.id=?
Hibernate: 
    update
        inventory 
    set
        item_id=?,
        quantity=? 
    where
        id=?
Hibernate: 
    update
        reservation 
    set
        created_at=?,
        item_id=?,
        reserved_quantity=?,
        status=?,
        user_id=? 
    where
        id=?
Hibernate: 
    select
        i1_0.id,
        i1_0.item_id,
        i1_0.quantity 
    from
        inventory i1_0 
    where
        i1_0.item_id=?
]]></system-out>
  </testcase>
  <testcase name="testCreateSupplyAndGetAvailability" classname="com.quarks.commerce.InventoryServiceImplTest" time="0.003">
    <system-out><![CDATA[Hibernate: 
    insert 
    into
        item
        (description, name, price) 
    values
        (?, ?, ?)
Hibernate: 
    insert 
    into
        inventory
        (item_id, quantity) 
    values
        (?, ?)
Hibernate: 
    select
        i1_0.id,
        i1_0.item_id,
        i1_0.quantity 
    from
        inventory i1_0 
    where
        i1_0.item_id=?
]]></system-out>
  </testcase>
</testsuite>